00000000000i[     ] Bochs x86 Emulator 2.3.7.cvs
00000000000i[     ]   Build from CVS snapshot, after release 2.3.7
00000000000i[     ] System configuration
00000000000i[     ]   processors: 1 (cores=1, HT threads=1)
00000000000i[     ]   A20 line support: yes
00000000000i[     ]   APIC support: no
00000000000i[     ] CPU configuration
00000000000i[     ]   level: 5
00000000000i[     ]   SMP support: no
00000000000i[     ]   FPU support: yes
00000000000i[     ]   MMX support: yes
00000000000i[     ]   SSE support: no
00000000000i[     ]   CLFLUSH support: no
00000000000i[     ]   VME support: yes
00000000000i[     ]   3dnow! support: no
00000000000i[     ]   PAE support: no
00000000000i[     ]   PGE support: no
00000000000i[     ]   PSE support: yes
00000000000i[     ]   x86-64 support: no
00000000000i[     ]   SEP support: no
00000000000i[     ]   MWAIT support: no
00000000000i[     ]   XSAVE support: no
00000000000i[     ]   AES support: no
00000000000i[     ] Optimization configuration
00000000000i[     ]   RepeatSpeedups support: no
00000000000i[     ]   Icache support: no
00000000000i[     ]   Trace cache support: no
00000000000i[     ]   Fast function calls: no
00000000000i[     ] Devices configuration
00000000000i[     ]   ACPI support: no
00000000000i[     ]   NE2000 support: no
00000000000i[     ]   PCI support: no
00000000000i[     ]   SB16 support: no
00000000000i[     ]   USB support: no
00000000000i[     ]   VGA extension support: vbe 
00000000000i[MEM0 ] allocated memory at 0xb596e008. after alignment, vector=0xb596f000
00000000000i[MEM0 ] 32,00MB
00000000000i[MEM0 ] rom at 0xfffe0000/131072 ('/usr/local/share/bochs/BIOS-bochs-latest')
00000000000i[MEM0 ] rom at 0xc0000/38400 ('/usr/local/share/bochs/VGABIOS-lgpl-latest')
00000000000i[VTIME] using 'realtime pit' synchronization method
00000000000i[CMOS ] Using local time for initial clock
00000000000i[CMOS ] Setting initial clock to: Sun Jan  4 15:34:34 2009 (time0=1231090474)
00000000000i[DMA  ] channel 4 used by cascade
00000000000i[DMA  ] channel 2 used by Floppy Drive
00000000000e[FDD  ] cannot determine media geometry, trying to use defaults
00000000000i[FDD  ] fd0: '/dev/loop0' ro=0, h=2,t=80,spt=18
00000000000i[MEM0 ] Register memory access handlers: 0x000a0000 - 0x000bffff
00000000000i[XGUI ] test_alloc_colors: 16 colors available out of 16 colors tried
00000000000i[XGUI ] font 8 wide x 16 high, display depth = 24
00000000000i[VGA  ] interval=40000
00000000000i[MEM0 ] Register memory access handlers: 0xe0000000 - 0xe07fffff
00000000000i[VGA  ] VBE Bochs Display Extension Enabled
00000000000i[     ] init_mem of 'biosdev' plugin device by virtual method
00000000000i[     ] init_mem of 'harddrv' plugin device by virtual method
00000000000i[     ] init_mem of 'keyboard' plugin device by virtual method
00000000000i[     ] init_mem of 'serial' plugin device by virtual method
00000000000i[     ] init_mem of 'parallel' plugin device by virtual method
00000000000i[     ] init_mem of 'extfpuirq' plugin device by virtual method
00000000000i[     ] init_mem of 'speaker' plugin device by virtual method
00000000000i[     ] init_dev of 'biosdev' plugin device by virtual method
00000000000i[     ] init_dev of 'harddrv' plugin device by virtual method
00000000000i[HD   ] Using boot sequence floppy, none, none
00000000000i[HD   ] Floppy boot signature check is enabled
00000000000i[     ] init_dev of 'keyboard' plugin device by virtual method
00000000000i[KBD  ] will paste characters every 1000 keyboard ticks
00000000000i[     ] init_dev of 'serial' plugin device by virtual method
00000000000i[SER  ] com1 at 0x03f8 irq 4
00000000000i[     ] init_dev of 'parallel' plugin device by virtual method
00000000000i[PAR  ] parallel port 1 at 0x0378 irq 7
00000000000i[     ] init_dev of 'extfpuirq' plugin device by virtual method
00000000000i[     ] init_dev of 'speaker' plugin device by virtual method
00000000000i[SPEAK] Open /dev/console successfully
00000000000i[     ] register state of 'biosdev' plugin device by virtual method
00000000000i[     ] register state of 'harddrv' plugin device by virtual method
00000000000i[     ] register state of 'keyboard' plugin device by virtual method
00000000000i[     ] register state of 'serial' plugin device by virtual method
00000000000i[     ] register state of 'parallel' plugin device by virtual method
00000000000i[     ] register state of 'extfpuirq' plugin device by virtual method
00000000000i[     ] register state of 'speaker' plugin device by virtual method
00000000000i[SYS  ] bx_pc_system_c::Reset(HARDWARE) called
00000000000i[CPU  ] cpu hardware reset
00000000000i[     ] reset of 'biosdev' plugin device by virtual method
00000000000i[     ] reset of 'harddrv' plugin device by virtual method
00000000000i[     ] reset of 'keyboard' plugin device by virtual method
00000000000i[     ] reset of 'serial' plugin device by virtual method
00000000000i[     ] reset of 'parallel' plugin device by virtual method
00000000000i[     ] reset of 'extfpuirq' plugin device by virtual method
00000000000i[     ] reset of 'speaker' plugin device by virtual method
00000000000i[XGUI ] [x] Mouse off
00000003305i[BIOS ] $Revision: 1.222 $ $Date: 2008/12/15 06:05:52 $
00000020000e[VGA  ] character height = 1, skipping text update
00000040000e[VGA  ] character height = 1, skipping text update
00000060000e[VGA  ] character height = 1, skipping text update
00000080000e[VGA  ] character height = 1, skipping text update
00000100000e[VGA  ] character height = 1, skipping text update
00000120000e[VGA  ] character height = 1, skipping text update
00000140000e[VGA  ] character height = 1, skipping text update
00000160000e[VGA  ] character height = 1, skipping text update
00000180000e[VGA  ] character height = 1, skipping text update
00000200000e[VGA  ] character height = 1, skipping text update
00000220000e[VGA  ] character height = 1, skipping text update
00000240000e[VGA  ] character height = 1, skipping text update
00000260000e[VGA  ] character height = 1, skipping text update
00000280000e[VGA  ] character height = 1, skipping text update
00000300000e[VGA  ] character height = 1, skipping text update
00000316426i[KBD  ] reset-disable command received
00000320000e[VGA  ] character height = 1, skipping text update
00000340000e[VGA  ] character height = 1, skipping text update
00000360000e[VGA  ] character height = 1, skipping text update
00000380000e[VGA  ] character height = 1, skipping text update
00000400000e[VGA  ] character height = 1, skipping text update
00000420000e[VGA  ] character height = 1, skipping text update
00000435290i[VBIOS] VGABios $Id: vgabios.c,v 1.67 2008/01/27 09:44:12 vruppert Exp $
00000435361i[VGA  ] VBE known Display Interface b0c0
00000435393i[VGA  ] VBE known Display Interface b0c4
00000438318i[VBIOS] VBE Bios $Id: vbe.c,v 1.60 2008/03/02 07:47:21 vruppert Exp $
00000440000e[VGA  ] character height = 1, skipping text update
00000480000i[XGUI ] charmap update. Font Height is 16
00000520000i[XGUI ] charmap update. Font Height is 16
00000744864i[BIOS ] Starting rombios32
00000745361i[BIOS ] Shutdown flag 0
00000746042i[BIOS ] ram_size=0x02000000
00000746542i[BIOS ] Found 1 cpu(s)
00000765512i[BIOS ] bios_table_addr: 0x000fb8f8 end=0x000fcc00
00000780869i[BIOS ] MP table addr=0x000fb9d0 MPC table addr=0x000fb900 size=0xd0
00000782422i[BIOS ] SMBIOS table addr=0x000fb9e0
00000783305i[BIOS ] bios_table_cur_addr: 0x000fbaea
00026789738i[BIOS ] Booting from 0000:7c00
00028184886i[BIOS ] int13_harddisk: function 41, unmapped device for ELDL=80
00028189667i[BIOS ] int13_harddisk: function 08, unmapped device for ELDL=80
00028194324i[BIOS ] *** int 15h function AX=00c0, BX=0000 not yet supported!
00044714500p[XGUI ] >>PANIC<< POWER button turned off.
00044714500i[CPU  ] CPU is in protected mode (active)
00044714500i[CPU  ] CS.d_b = 32 bit
00044714500i[CPU  ] SS.d_b = 32 bit
00044714500i[CPU  ] | EAX=0000000d  EBX=0002bd20  ECX=0000000d  EDX=000003d5
00044714500i[CPU  ] | ESP=0009ffe0  EBP=0009ffe8  ESI=0002be8b  EDI=0002be90
00044714500i[CPU  ] | IOPL=0 id vip vif ac vm rf nt of df if tf sf zf af PF cf
00044714500i[CPU  ] | SEG selector     base    limit G D
00044714500i[CPU  ] | SEG sltr(index|ti|rpl)     base    limit G D
00044714500i[CPU  ] |  CS:0008( 0001| 0|  0) 00000000 000fffff 1 1
00044714500i[CPU  ] |  DS:0010( 0002| 0|  0) 00000000 000fffff 1 1
00044714500i[CPU  ] |  SS:0010( 0002| 0|  0) 00000000 000fffff 1 1
00044714500i[CPU  ] |  ES:0010( 0002| 0|  0) 00000000 000fffff 1 1
00044714500i[CPU  ] |  FS:0010( 0002| 0|  0) 00000000 000fffff 1 1
00044714500i[CPU  ] |  GS:0010( 0002| 0|  0) 00000000 000fffff 1 1
00044714500i[CPU  ] | EIP=0010004a (0010004a)
00044714500i[CPU  ] | CR0=0x60000011 CR2=0x00000000
00044714500i[CPU  ] | CR3=0x00000000 CR4=0x00000000
00044714500i[CPU  ] >> jmp .+0xfffffffe (0x0010004a) : EBFE
00044714500i[CMOS ] Last time is 1231090563 (Sun Jan  4 15:36:03 2009)
00044714500i[XGUI ] Exit
00044714500i[     ] restoring default signal behavior
00044714500i[CTRL ] quit_sim called with exit code 1
